# JRE version: Java(TM) SE Runtime Environment (8.0_91-b15) (build 1.8.0_91-b15)
# Java VM: Java HotSpot(TM) 64-Bit Server VM (25.91-b15 mixed mode windows-amd64 compressed oops)
Heap:
 PSYoungGen      total 24064K, used 19994K [0x00000000eb400000, 0x00000000ee080000, 0x0000000100000000)
  eden space 16384K, 85% used [0x00000000eb400000,0x00000000ec1c0110,0x00000000ec400000)
  from space 7680K, 77% used [0x00000000ec400000,0x00000000ec9c6978,0x00000000ecb80000)
  to   space 7680K, 0% used [0x00000000ed900000,0x00000000ed900000,0x00000000ee080000)
 ParOldGen       total 32256K, used 11128K [0x00000000c1c00000, 0x00000000c3b80000, 0x00000000eb400000)
  object space 32256K, 34% used [0x00000000c1c00000,0x00000000c26de220,0x00000000c3b80000)
 Metaspace       used 31714K, capacity 33394K, committed 33536K, reserved 1077248K
  class space    used 4562K, capacity 4856K, committed 4864K, reserved 1048576K
GC Heap History (10 events):
Event: 50.415 GC heap before
{Heap before GC invocations=4 (full 0):
 PSYoungGen      total 18944K, used 18305K [0x00000000eb400000, 0x00000000ec900000, 0x0000000100000000)
  eden space 16384K, 96% used [0x00000000eb400000,0x00000000ec368638,0x00000000ec400000)
  from space 2560K, 98% used [0x00000000ec400000,0x00000000ec678020,0x00000000ec680000)
  to   space 2560K, 0% used [0x00000000ec680000,0x00000000ec680000,0x00000000ec900000)
 ParOldGen       total 44032K, used 6099K [0x00000000c1c00000, 0x00000000c4700000, 0x00000000eb400000)
  object space 44032K, 13% used [0x00000000c1c00000,0x00000000c21f4f40,0x00000000c4700000)
 Metaspace       used 19817K, capacity 21224K, committed 21296K, reserved 1067008K
  class space    used 2883K, capacity 3135K, committed 3200K, reserved 1048576K
Event: 50.429 GC heap after
Heap after GC invocations=4 (full 0):
 PSYoungGen      total 18944K, used 2528K [0x00000000eb400000, 0x00000000ec900000, 0x0000000100000000)
  eden space 16384K, 0% used [0x00000000eb400000,0x00000000eb400000,0x00000000ec400000)
  from space 2560K, 98% used [0x00000000ec680000,0x00000000ec8f8020,0x00000000ec900000)
  to   space 2560K, 0% used [0x00000000ec400000,0x00000000ec400000,0x00000000ec680000)
 ParOldGen       total 44032K, used 9047K [0x00000000c1c00000, 0x00000000c4700000, 0x00000000eb400000)
  object space 44032K, 20% used [0x00000000c1c00000,0x00000000c24d5ea8,0x00000000c4700000)
 Metaspace       used 19817K, capacity 21224K, committed 21296K, reserved 1067008K
  class space    used 2883K, capacity 3135K, committed 3200K, reserved 1048576K
}
Event: 50.429 GC heap before
{Heap before GC invocations=5 (full 1):
 PSYoungGen      total 18944K, used 2528K [0x00000000eb400000, 0x00000000ec900000, 0x0000000100000000)
  eden space 16384K, 0% used [0x00000000eb400000,0x00000000eb400000,0x00000000ec400000)
  from space 2560K, 98% used [0x00000000ec680000,0x00000000ec8f8020,0x00000000ec900000)
  to   space 2560K, 0% used [0x00000000ec400000,0x00000000ec400000,0x00000000ec680000)
 ParOldGen       total 44032K, used 9047K [0x00000000c1c00000, 0x00000000c4700000, 0x00000000eb400000)
  object space 44032K, 20% used [0x00000000c1c00000,0x00000000c24d5ea8,0x00000000c4700000)
 Metaspace       used 19817K, capacity 21224K, committed 21296K, reserved 1067008K
  class space    used 2883K, capacity 3135K, committed 3200K, reserved 1048576K
Event: 50.538 GC heap after
Heap after GC invocations=5 (full 1):
 PSYoungGen      total 18944K, used 0K [0x00000000eb400000, 0x00000000ec900000, 0x0000000100000000)
  eden space 16384K, 0% used [0x00000000eb400000,0x00000000eb400000,0x00000000ec400000)
  from space 2560K, 0% used [0x00000000ec680000,0x00000000ec680000,0x00000000ec900000)
  to   space 2560K, 0% used [0x00000000ec400000,0x00000000ec400000,0x00000000ec680000)
 ParOldGen       total 32256K, used 10502K [0x00000000c1c00000, 0x00000000c3b80000, 0x00000000eb400000)
  object space 32256K, 32% used [0x00000000c1c00000,0x00000000c26418d0,0x00000000c3b80000)
 Metaspace       used 19817K, capacity 21224K, committed 21296K, reserved 1067008K
  class space    used 2883K, capacity 3135K, committed 3200K, reserved 1048576K
}
Event: 50.994 GC heap before
{Heap before GC invocations=6 (full 1):
 PSYoungGen      total 18944K, used 16384K [0x00000000eb400000, 0x00000000ec900000, 0x0000000100000000)
  eden space 16384K, 100% used [0x00000000eb400000,0x00000000ec400000,0x00000000ec400000)
  from space 2560K, 0% used [0x00000000ec680000,0x00000000ec680000,0x00000000ec900000)
  to   space 2560K, 0% used [0x00000000ec400000,0x00000000ec400000,0x00000000ec680000)
 ParOldGen       total 32256K, used 10502K [0x00000000c1c00000, 0x00000000c3b80000, 0x00000000eb400000)
  object space 32256K, 32% used [0x00000000c1c00000,0x00000000c26418d0,0x00000000c3b80000)
 Metaspace       used 24432K, capacity 25944K, committed 26240K, reserved 1071104K
  class space    used 3608K, capacity 3877K, committed 3968K, reserved 1048576K
Event: 50.997 GC heap after
Heap after GC invocations=6 (full 1):
 PSYoungGen      total 18944K, used 2553K [0x00000000eb400000, 0x00000000ed300000, 0x0000000100000000)
  eden space 16384K, 0% used [0x00000000eb400000,0x00000000eb400000,0x00000000ec400000)
  from space 2560K, 99% used [0x00000000ec400000,0x00000000ec67e648,0x00000000ec680000)
  to   space 7680K, 0% used [0x00000000ecb80000,0x00000000ecb80000,0x00000000ed300000)
 ParOldGen       total 32256K, used 11112K [0x00000000c1c00000, 0x00000000c3b80000, 0x00000000eb400000)
  object space 32256K, 34% used [0x00000000c1c00000,0x00000000c26da220,0x00000000c3b80000)
 Metaspace       used 24432K, capacity 25944K, committed 26240K, reserved 1071104K
  class space    used 3608K, capacity 3877K, committed 3968K, reserved 1048576K
}
Event: 51.528 GC heap before
{Heap before GC invocations=7 (full 1):
 PSYoungGen      total 18944K, used 18918K [0x00000000eb400000, 0x00000000ed300000, 0x0000000100000000)
  eden space 16384K, 99% used [0x00000000eb400000,0x00000000ec3fb1c8,0x00000000ec400000)
  from space 2560K, 99% used [0x00000000ec400000,0x00000000ec67e648,0x00000000ec680000)
  to   space 7680K, 0% used [0x00000000ecb80000,0x00000000ecb80000,0x00000000ed300000)
 ParOldGen       total 32256K, used 11112K [0x00000000c1c00000, 0x00000000c3b80000, 0x00000000eb400000)
  object space 32256K, 34% used [0x00000000c1c00000,0x00000000c26da220,0x00000000c3b80000)
 Metaspace       used 27496K, capacity 29012K, committed 29184K, reserved 1075200K
  class space    used 4032K, capacity 4303K, committed 4352K, reserved 1048576K
Event: 51.536 GC heap after
Heap after GC invocations=7 (full 1):
 PSYoungGen      total 24064K, used 5069K [0x00000000eb400000, 0x00000000ed300000, 0x0000000100000000)
  eden space 16384K, 0% used [0x00000000eb400000,0x00000000eb400000,0x00000000ec400000)
  from space 7680K, 66% used [0x00000000ecb80000,0x00000000ed0734d8,0x00000000ed300000)
  to   space 7680K, 0% used [0x00000000ec400000,0x00000000ec400000,0x00000000ecb80000)
 ParOldGen       total 32256K, used 11120K [0x00000000c1c00000, 0x00000000c3b80000, 0x00000000eb400000)
  object space 32256K, 34% used [0x00000000c1c00000,0x00000000c26dc220,0x00000000c3b80000)
 Metaspace       used 27496K, capacity 29012K, committed 29184K, reserved 1075200K
  class space    used 4032K, capacity 4303K, committed 4352K, reserved 1048576K
}
Event: 51.957 GC heap before
{Heap before GC invocations=8 (full 1):
 PSYoungGen      total 24064K, used 21453K [0x00000000eb400000, 0x00000000ed300000, 0x0000000100000000)
  eden space 16384K, 100% used [0x00000000eb400000,0x00000000ec400000,0x00000000ec400000)
  from space 7680K, 66% used [0x00000000ecb80000,0x00000000ed0734d8,0x00000000ed300000)
  to   space 7680K, 0% used [0x00000000ec400000,0x00000000ec400000,0x00000000ecb80000)
 ParOldGen       total 32256K, used 11120K [0x00000000c1c00000, 0x00000000c3b80000, 0x00000000eb400000)
  object space 32256K, 34% used [0x00000000c1c00000,0x00000000c26dc220,0x00000000c3b80000)
 Metaspace       used 29858K, capacity 31384K, committed 31744K, reserved 1077248K
  class space    used 4309K, capacity 4601K, committed 4608K, reserved 1048576K
Event: 51.965 GC heap after
Heap after GC invocations=8 (full 1):
 PSYoungGen      total 24064K, used 5914K [0x00000000eb400000, 0x00000000ee080000, 0x0000000100000000)
  eden space 16384K, 0% used [0x00000000eb400000,0x00000000eb400000,0x00000000ec400000)
  from space 7680K, 77% used [0x00000000ec400000,0x00000000ec9c6978,0x00000000ecb80000)
  to   space 7680K, 0% used [0x00000000ed900000,0x00000000ed900000,0x00000000ee080000)
 ParOldGen       total 32256K, used 11128K [0x00000000c1c00000, 0x00000000c3b80000, 0x00000000eb400000)
  object space 32256K, 34% used [0x00000000c1c00000,0x00000000c26de220,0x00000000c3b80000)
 Metaspace       used 29858K, capacity 31384K, committed 31744K, reserved 1077248K
  class space    used 4309K, capacity 4601K, committed 4608K, reserved 1048576K
}

